<?xml version="1.0" encoding="UTF-8"?>
<!-- Generated by org.testng.reporters.JUnitReportReporter -->
<testsuite hostname="LAPTOP-40C8QB9U" failures="0" tests="3" name="com.orangehrm.testcases.EditTimeSheet" time="16.597" errors="0" timestamp="2023-05-25T20:12:08 IST" skipped="0">
  <testcase classname="com.orangehrm.testcases.EditTimeSheet" name="loginApplication" time="2.907"/>
  <system-out>
    <![CDATA[Username Entered: Admin
Pssword Entered
Login button clicked ]]>
  </system-out>
  <testcase classname="com.orangehrm.testcases.EditTimeSheet" name="editTimeSheet" time="12.819"/>
  <system-out>
    <![CDATA[Time link clicked
Timesheet tab clicked
Time sheet option selected
Edit button clicked
Entered project name: FreeWave Technologies
Project name selected from given options
Activity drop down clicked
Activity selected
Timesheet table displayed
Total number of project: 1
Time entered in timesheet
Save button clicked]]>
  </system-out>
  <testcase classname="com.orangehrm.testcases.EditTimeSheet" name="logoutApplication" time="0.871"/>
  <system-out>
    <![CDATA[Profile drop down link clicked
Logout link clicked]]>
  </system-out>
</testsuite> <!-- com.orangehrm.testcases.EditTimeSheet -->
