<?xml version="1.0" encoding="UTF-8"?>
<!-- Generated by org.testng.reporters.JUnitReportReporter -->
<testsuite hostname="LAPTOP-40C8QB9U" failures="0" tests="4" name="com.orangehrm.testcases.ViewEmployeeDetails" time="12.254" errors="0" timestamp="2023-05-25T15:02:44 IST" skipped="0">
  <testcase classname="com.orangehrm.testcases.ViewEmployeeDetails" name="loginApplication" time="3.241"/>
  <system-out/>
  <testcase classname="com.orangehrm.testcases.ViewEmployeeDetails" name="viewEmployeeList" time="4.977"/>
  <system-out/>
  <testcase classname="com.orangehrm.testcases.ViewEmployeeDetails" name="editEmployeeDetails" time="3.149"/>
  <system-out/>
  <testcase classname="com.orangehrm.testcases.ViewEmployeeDetails" name="logoutApplication" time="0.887"/>
  <system-out/>
</testsuite> <!-- com.orangehrm.testcases.ViewEmployeeDetails -->
