<?xml version="1.0" encoding="UTF-8"?>
<!-- Generated by org.testng.reporters.JUnitReportReporter -->
<testsuite hostname="BA-000311890" failures="0" tests="3" name="com.nxtgenai.testcases.HandlingMultipleWindows" time="8.273" errors="0" timestamp="2023-05-19T10:42:00 IST" skipped="0">
  <testcase classname="com.nxtgenai.testcases.HandlingMultipleWindows" name="handlingMultipleBrowsers" time="2.795"/>
  <system-out>
    <![CDATA[New Browser Window Button is clicked
Browser is Maximized
Page Navigated to Python For Automation Successfully
Browser is Closed
Page Navigated to Home Page]]>
  </system-out>
  <testcase classname="com.nxtgenai.testcases.HandlingMultipleWindows" name="handlingMultipleTabs" time="3.194"/>
  <system-out>
    <![CDATA[Page Navigated to Multiple Windows Successfully
New Browser Tab Button is clicked
Browser is Maximized
Page Navigated to Python For Automation Successfully
Browser is Closed
Page Navigated to Home Page]]>
  </system-out>
  <testcase classname="com.nxtgenai.testcases.HandlingMultipleWindows" name="handlingMultipleMessageWindow" time="2.284"/>
  <system-out>
    <![CDATA[Page Navigated to Multiple Windows Successfully
New Message Window Button is clicked
Browser is Closed
Page Navigated to Home Page]]>
  </system-out>
</testsuite> <!-- com.nxtgenai.testcases.HandlingMultipleWindows -->
