<?xml version="1.0" encoding="UTF-8"?>
<!-- Generated by org.testng.reporters.JUnitReportReporter -->
<testsuite hostname="BA-000311890" failures="0" tests="2" name="com.nxtgenai.testcases.RegisterDemo" time="10.109" errors="0" timestamp="2023-05-19T10:42:00 IST" skipped="0">
  <testcase classname="com.nxtgenai.testcases.RegisterDemo" name="registerUser" time="3.605"/>
  <system-out>
    <![CDATA[Page Navigated to Registration Form Successfully
Both the actual and expected form titles are same
The Form Title is Register For Demo
First Name is Pranav
Last Name is Vinoth
Male Radio Button is Selected
Street Address is ABC Street
Apartment Number is C1
City is Hyderabad
State is Telangana
Postal Code is 500001
India is selected from Country drop down
Email is pranav@gmail.com
Date of Demo is 06/11/2024
20 is selected in HH Dropdown
35 is selected in MM Dropdown
Mobile Number is 638354489
Core Java Check Box is checked
Functional Testing Check Box is checked
Others Check Box is checked
The Query Enter is What is the Roadmap for Web Service API Automation?
Enter Any Two Digits is: 99
Submit Button is Clicked
Actual and Expected Successful Message Text are not same
Actual Successful Message Text is 
Expected Successful Message Text is Registration Form is Successfully Submitted]]>
  </system-out>
  <testcase classname="com.nxtgenai.testcases.RegisterDemo" name="registerUser" time="6.504"/>
  <system-out>
    <![CDATA[Page Navigated to Registration Form Successfully
Both the actual and expected form titles are same
The Form Title is Register For Demo
First Name is Vinoth
Last Name is Rathinam
Male Radio Button is Selected
Street Address is XYZ Street
Apartment Number is S1
City is Chennai
State is Tamil Nadu
Postal Code is 600100
India is selected from Country drop down
Email is vinothrwins@gmail.com
Date of Demo is 12/19/2024
09 is selected in HH Dropdown
00 is selected in MM Dropdown
Mobile Number is 638354489
Selenium WebDriver Check Box is checked
UFT Check Box is checked
TestNG Check Box is checked
The Query Enter is What is the Roadmap for Selenium Automation?
Enter Any Two Digits is: 99
Submit Button is Clicked
Actual and Expected Successful Message Text are not same
Actual Successful Message Text is 
Expected Successful Message Text is Registration Form is Successfully Submitted]]>
  </system-out>
</testsuite> <!-- com.nxtgenai.testcases.RegisterDemo -->
