<?xml version="1.0" encoding="UTF-8"?>
<!-- Generated by org.testng.reporters.JUnitReportReporter -->
<testsuite hostname="LAPTOP-40C8QB9U" failures="0" tests="4" name="com.orangehrm.testcases.ViewAndEditEmployeeDetails" time="13.056" errors="0" timestamp="2023-05-25T20:12:08 IST" skipped="0">
  <testcase classname="com.orangehrm.testcases.ViewAndEditEmployeeDetails" name="loginApplication" time="1.936"/>
  <system-out>
    <![CDATA[Username Entered: Admin
Pssword Entered
Login button clicked ]]>
  </system-out>
  <testcase classname="com.orangehrm.testcases.ViewAndEditEmployeeDetails" name="viewEmployeeList" time="5.971"/>
  <system-out>
    <![CDATA[PIM tab clicked
Number of employee:50
Employee details:0038
Aaliyah
Haq
QA Lead (Deleted)
Full-Time Permanent
Quality Assurance
Odis Adalwin
*********************************
Employee details:0221
Alice
Duval
Account Assistant (Deleted)
Full-Time Contract
Finance
Kevin Mathews
*********************************
Employee details:0070
Anthony
Nolan
Sales Representative (Deleted)
Full-Time Probation
Sales
Linda Anderson
*********************************
Employee details:135790
arjun
m
*********************************
Employee details:0024
Arjun
Collings
HR Manager (Deleted)
Full-Time Permanent
Human Resources
John Smith
*********************************
Employee details:02920489
Bhavani Nikhlesh
P
*********************************
Employee details:02890489
Bhavani Nikhlesh
P
*********************************
Employee details:02910489
Bhavani Nikhlesh
P
*********************************
Employee details:02840489
Bhavani Nikhlesh
P
*********************************
Employee details:02810489
Bhavani Nikhlesh
P
*********************************
Employee details:02940489
Bhavani Nikhlesh
P
*********************************
Employee details:0046
Cassidy
Mittal
IT Manager (Deleted)
Part-Time Contract
TechOps
Odis Adalwin
*********************************
Employee details:0204
Cecil
Bonaparte
Software Engineer (Deleted)
Full-Time Permanent
Development
Fiona Grace
*********************************
Employee details:0212
Charlie
Carter
QA Engineer (Deleted)
Full-Time Probation
Quality Assurance
Aaliyah Haq
*********************************
Employee details:0217
Chenzira
Chuki
QA Engineer (Deleted)
Full-Time Permanent
Quality Assurance
Aaliyah Haq
*********************************
Employee details:Chiru
MS
Software Engineer (Deleted)
*********************************
Employee details:Chiru
MS
Software Engineer (Deleted)
*********************************
Employee details:0066
David
Morris
Account Assistant (Deleted)
Full-Time Permanent
Finance
Kevin Mathews
*********************************
Employee details:0020
Dominic
Chase
VP - Client Services (Deleted)
Full-Time Permanent
Administration
John Smith
*********************************
Employee details:0258
Ebusha Kidist
Ejigu
*********************************
Employee details:0227
Ehioze
Ebo
Account Assistant (Deleted)
Full-Time Probation
Finance
Kevin Mathews
*********************************
Employee details:0029
Fiona
Grace
Software Architect (Deleted)
Full-Time Permanent
Development
Odis Adalwin
*********************************
Employee details:001
FirstName1 A
LastName1
*********************************
Employee details:002
FirstName2 B
LastName2
*********************************
Employee details:003
FirstName3 C
LastName3
*********************************
Employee details:004
FirstName4 D
LastName4
*********************************
Employee details:005
FirstName5 E
LastName5
*********************************
Employee details:0099
Garry
White
HR Associate (Deleted)
Full-Time Permanent
Human Resources
Arjun Collings
*********************************
Employee details:0235
Goutam
Ganesh
Sales Representative (Deleted)
Full-Time Permanent
Sales
Linda Anderson
*********************************
Employee details:5432107867
hemanth
m
*********************************
Employee details:0095
Jacqueline
White
Support Specialist (Deleted)
Full-Time Contract
Technical Support
Dominic Chase
*********************************
Employee details:0243
Jadine
Jackie
HR Associate (Deleted)
Full-Time Probation
Human Resources
Arjun Collings
*********************************
Employee details:0062
Jasmine
Morgan
Financial Analyst (Deleted)
Full-Time Probation
Finance
Kevin Mathews
*********************************
Employee details:0083
Joe
Root
Content Specialist (Deleted)
Full-Time Probation
Marketing
Melan Peiris
*********************************
Employee details:0011
John
Smith
Chief Executive Officer (Deleted)
Full-Time Permanent
Administration
*********************************
Employee details:0054
Jordan
Mathews
Database Administrator (Deleted)
Full-Time Contract
TechOps
Cassidy Mittal
*********************************
Employee details:0058
Kevin
Mathews
Finance Manager (Deleted)
Full-Time Permanent
Finance
Peter Anderson
*********************************
Employee details:0239
Kiyara
Hu
HR Associate (Deleted)
Full-Time Permanent
Human Resources
Arjun Collings
*********************************
Employee details:0016
Linda Jane
Anderson
VP - Sales & Marketing (Deleted)
Full-Time Permanent
Administration
John Smith
*********************************
Employee details:0208
Lisa
Andrews
Software Engineer (Deleted)
Full-Time Probation
Development
Fiona Grace
*********************************
Employee details:0091
Luke
Wright
Head of Support (Deleted)
Full-Time Permanent
Technical Support
Dominic Chase
*********************************
Employee details:512675426
madhu sudhan rao
m
*********************************
Employee details:0050
Maggie
Manning
Network Administrator (Deleted)
Full-Time Probation
TechOps
Cassidy Mittal
*********************************
Employee details:Mahesh
V
QA Lead (Deleted)
*********************************
Employee details:Mahesh
V
QA Lead (Deleted)
*********************************
Employee details:0275
mahesh
m
*********************************
Employee details:0278
mahesh
m
*********************************
Employee details:0287
mahesh@123
m
*********************************
Employee details:0283
mahesh@123
m
*********************************
Employee details:0273
mahesh@123
m
*********************************]]>
  </system-out>
  <testcase classname="com.orangehrm.testcases.ViewAndEditEmployeeDetails" name="editEmployeeDetails" time="4.268"/>
  <system-out>
    <![CDATA[Page scrolled to employee details whose id is: 0046
Checkbox of employee whose id is 0046 selected
Edit button clicked for employee whose id is 0046 is clicked
First name entered: Sumit
Middle name entered: Kumar
Last name entered: Mittal
Nick name entered: Sumit
Employee ID entered: 0046
Other ID entered: DFTH25
Driver License Number entered: 987456321
SSN Number entered: 123333665
SIN Number entered: 147852369
Smoker check box selected
Scrolled to Nationality
Clicked on Nationality drop down
Nationality selected: Indian
Scrolled to Marital Status
Clicked on Marital Status drop down
Marital status selected: Single
Save button clicked]]>
  </system-out>
  <testcase classname="com.orangehrm.testcases.ViewAndEditEmployeeDetails" name="logoutApplication" time="0.881"/>
  <system-out>
    <![CDATA[Profile drop down link clicked
Logout link clicked]]>
  </system-out>
</testsuite> <!-- com.orangehrm.testcases.ViewAndEditEmployeeDetails -->
