<?xml version="1.0" encoding="UTF-8"?>
<!-- Generated by org.testng.reporters.JUnitReportReporter -->
<testsuite hostname="LAPTOP-40C8QB9U" failures="0" tests="4" name="com.orangehrm.testcases.AddUser" time="30.267" errors="0" timestamp="2023-05-25T20:12:08 IST" skipped="0">
  <testcase classname="com.orangehrm.testcases.AddUser" name="loginApplication" time="3.588"/>
  <system-out>
    <![CDATA[Username Entered: Admin
Pssword Entered
Login button clicked ]]>
  </system-out>
  <testcase classname="com.orangehrm.testcases.AddUser" name="addEmployee" time="23.087"/>
  <system-out>
    <![CDATA[Admin tab clicked
Add Button clicked
User Role selected: ESS
Employee Name entered: Dominic  Chase
Status selected: Enabled
Username entered: Sonal
Password entered
Confirm Password entered
Save button clicked]]>
  </system-out>
  <testcase classname="com.orangehrm.testcases.AddUser" name="searchEmployee" time="2.580"/>
  <system-out>
    <![CDATA[System Users heading displayed sucessfully
Username entered: Sonal
User Role selected: ESS
Employee Name entered: Dominic  Chase
Status selected: Enabled
Search button clicked
Record found successfully
Employee details:Sonal
ESS
Dominic Chase
Enabled
***********************]]>
  </system-out>
  <testcase classname="com.orangehrm.testcases.AddUser" name="logoutApplication" time="1.012"/>
  <system-out>
    <![CDATA[Profile drop down link clicked
Logout link clicked]]>
  </system-out>
</testsuite> <!-- com.orangehrm.testcases.AddUser -->
