<?xml version="1.0" encoding="UTF-8"?>
<!-- Generated by org.testng.reporters.JUnitReportReporter -->
<testsuite hostname="LAPTOP-40C8QB9U" failures="0" tests="2" name="com.orangehrm.testcases.UserLoginEditMyInfo" time="37.822" errors="0" timestamp="2023-05-22T17:10:43 IST" skipped="0">
  <testcase classname="com.orangehrm.testcases.UserLoginEditMyInfo" name="loginApplication" time="2.573"/>
  <system-out/>
  <testcase classname="com.orangehrm.testcases.UserLoginEditMyInfo" name="editMyInfo" time="35.249"/>
  <system-out/>
</testsuite> <!-- com.orangehrm.testcases.UserLoginEditMyInfo -->
