<?xml version="1.0" encoding="UTF-8"?>
<!-- Generated by org.testng.reporters.JUnitReportReporter -->
<testsuite hostname="LAPTOP-40C8QB9U" failures="0" tests="4" name="com.orangehrm.testcases.AdminLoginAddUser" time="34.216" errors="0" timestamp="2023-05-21T17:41:46 IST" skipped="1">
  <testcase classname="com.orangehrm.testcases.AdminLoginAddUser" name="loginApplication" time="0.853"/>
  <system-out>
    <![CDATA[User Name is Admin
Password is entered
Login Button is Clicked]]>
  </system-out>
  <testcase classname="com.orangehrm.testcases.AdminLoginAddUser" name="addEmployee" time="15.904"/>
  <system-out>
    <![CDATA[Admin tab clicked
Add Button clicked
User Role selected: ESS
Employee Name entered: Peter Anderson
Status selected: Enabled
Username entered: Manjalafak
Password entered
Confirm Password entered
Save button clicked]]>
  </system-out>
  <testcase classname="com.orangehrm.testcases.AdminLoginAddUser" name="searchEmployee" time="17.459"/>
  <system-out>
    <![CDATA[Username entered: Manjalafak
User Role selected: ESS
Employee Name entered: Peter Anderson
Status selected: Enabled
Search button clicked
Record found successfully]]>
  </system-out>
  <testcase classname="com.orangehrm.testcases.AdminLoginAddUser" name="logoutApplication">
    <skipped/>
  </testcase> <!-- logoutApplication -->
  <system-out/>
</testsuite> <!-- com.orangehrm.testcases.AdminLoginAddUser -->
