<?xml version="1.0" encoding="UTF-8"?>
<!-- Generated by org.testng.reporters.JUnitReportReporter -->
<testsuite hostname="BA-000311890" failures="0" tests="14" name="com.nxtgenai.testcases.ScreenNavigation" time="15.784" errors="0" timestamp="2023-05-19T10:42:00 IST" skipped="1">
  <testcase classname="com.nxtgenai.testcases.ScreenNavigation" name="validatingHomePageNavigation" time="0.921"/>
  <system-out>
    <![CDATA[Page Navigated to Home Page]]>
  </system-out>
  <testcase classname="com.nxtgenai.testcases.ScreenNavigation" name="validatingSeleniumAutomationCurriculumNavigation" time="1.063"/>
  <system-out>
    <![CDATA[Page Navigated to A to Z Selenium Automation Curriculum Successfully]]>
  </system-out>
  <testcase classname="com.nxtgenai.testcases.ScreenNavigation" name="validatingRegistrationFormNavigation" time="1.379"/>
  <system-out>
    <![CDATA[Page Navigated to Registration Form Successfully]]>
  </system-out>
  <testcase classname="com.nxtgenai.testcases.ScreenNavigation" name="validatingAlertPopUpNavigation" time="1.165"/>
  <system-out>
    <![CDATA[Page Navigated to Alert and PopUp Successfully]]>
  </system-out>
  <testcase classname="com.nxtgenai.testcases.ScreenNavigation" name="validatingMultipleWindowsNavigation" time="1.088"/>
  <system-out>
    <![CDATA[Page Navigated to Multiple Windows Successfully]]>
  </system-out>
  <testcase classname="com.nxtgenai.testcases.ScreenNavigation" name="validatingWebTableNavigation" time="1.138"/>
  <system-out>
    <![CDATA[Page Navigated to Web Table Successfully]]>
  </system-out>
  <testcase classname="com.nxtgenai.testcases.ScreenNavigation" name="validatingMouseEventNavigation" time="1.085"/>
  <system-out>
    <![CDATA[Page Navigated to Mouse Event Successfully]]>
  </system-out>
  <testcase classname="com.nxtgenai.testcases.ScreenNavigation" name="validatingProgressBarNavigation" time="1.121"/>
  <system-out>
    <![CDATA[Page Navigated to Progress Bar Successfully]]>
  </system-out>
  <testcase classname="com.nxtgenai.testcases.ScreenNavigation" name="validatingDynamicTransactionNavigation" time="1.075"/>
  <system-out>
    <![CDATA[Page Navigated to Dynamic Transaction Successfully]]>
  </system-out>
  <testcase classname="com.nxtgenai.testcases.ScreenNavigation" name="validatingFramesNavigation" time="1.417"/>
  <system-out>
    <![CDATA[Page Navigated to Frame Successfully]]>
  </system-out>
  <testcase classname="com.nxtgenai.testcases.ScreenNavigation" name="validatingTechTalkNavigation" time="1.188"/>
  <system-out>
    <![CDATA[Page Navigated to Tech Talk Successfully]]>
  </system-out>
  <testcase classname="com.nxtgenai.testcases.ScreenNavigation" name="validatingTestimonialsNavigation" time="1.896"/>
  <system-out>
    <![CDATA[Page Navigated to Testimonials Successfully]]>
  </system-out>
  <testcase classname="com.nxtgenai.testcases.ScreenNavigation" name="validatingPythonForAutomationNavigation" time="1.248"/>
  <system-out>
    <![CDATA[Page Navigated to Python For Automation Successfully]]>
  </system-out>
  <testcase classname="com.nxtgenai.testcases.ScreenNavigation" name="validatingAutomationToolsCurriculumNavigation">
    <skipped/>
  </testcase> <!-- validatingAutomationToolsCurriculumNavigation -->
  <system-out/>
</testsuite> <!-- com.nxtgenai.testcases.ScreenNavigation -->
