<?xml version="1.0" encoding="UTF-8"?>
<!-- Generated by org.testng.reporters.JUnitReportReporter -->
<testsuite hostname="BA-000311890" failures="0" tests="3" name="com.nxtgenai.testcases.HandlingPopUp" time="0.542" errors="0" timestamp="2023-05-19T10:42:00 IST" skipped="0">
  <testcase classname="com.nxtgenai.testcases.HandlingPopUp" name="validateAlertPopUp" time="0.095"/>
  <system-out>
    <![CDATA[Alert Button is clicked

Captured Alert Message is I am an alert box!
Ok Button is clicked]]>
  </system-out>
  <testcase classname="com.nxtgenai.testcases.HandlingPopUp" name="validateConfirmAlertPopUp" time="0.165"/>
  <system-out>
    <![CDATA[Confirm Alert Button is clicked
Captured Alert Message is Confirm pop up with OK and Cancel button
Ok Button is clicked
Confirm Alert Button is clicked
Cancel Button is clicked]]>
  </system-out>
  <testcase classname="com.nxtgenai.testcases.HandlingPopUp" name="validatePromptAlertPopUp" time="0.282"/>
  <system-out>
    <![CDATA[Prompt Alert Button is clicked
Captured Alert Message is Do you like Automation ?
Alert Message entered is Yes
Ok Button is clicked
Prompt Alert Button is clicked
Alert Message entered is No
Ok Button is clicked
Prompt Alert Button is clicked
Cancel Button is clicked]]>
  </system-out>
</testsuite> <!-- com.nxtgenai.testcases.HandlingPopUp -->
