<?xml version="1.0" encoding="UTF-8"?>
<!-- Generated by org.testng.reporters.JUnitReportReporter -->
<testsuite hostname="LAPTOP-40C8QB9U" failures="0" tests="1" name="com.orangehrm.testcases.OrangeHRMTestCases" time="2.118" errors="0" timestamp="2023-05-20T12:26:32 IST" skipped="0">
  <testcase classname="com.orangehrm.testcases.OrangeHRMTestCases" name="loginApplication" time="2.118"/>
  <system-out>
    <![CDATA[User Name is Admin
Password is entered
Login Button is Clicked]]>
  </system-out>
</testsuite> <!-- com.orangehrm.testcases.OrangeHRMTestCases -->
