<?xml version="1.0" encoding="UTF-8"?>
<!-- Generated by org.testng.reporters.JUnitReportReporter -->
<testsuite hostname="BA-000311890" failures="0" tests="3" name="com.nxtgenai.testcases.HandlingMouseEvent" time="4.291" errors="0" timestamp="2023-05-19T10:42:00 IST" skipped="0">
  <testcase classname="com.nxtgenai.testcases.HandlingMouseEvent" name="validateDoubleClickMe" time="1.075"/>
  <system-out>
    <![CDATA[Double click action is performed]]>
  </system-out>
  <testcase classname="com.nxtgenai.testcases.HandlingMouseEvent" name="validateRegistrationFormOption" time="1.605"/>
  <system-out>
    <![CDATA[Registration Form Option is selected]]>
  </system-out>
  <testcase classname="com.nxtgenai.testcases.HandlingMouseEvent" name="validateAlertPopUpOption" time="1.611"/>
  <system-out>
    <![CDATA[Alert PopUp Option is selected]]>
  </system-out>
</testsuite> <!-- com.nxtgenai.testcases.HandlingMouseEvent -->
